Arguments: 
  C:\Program Files\nodejs\node.exe C:\Program Files (x86)\Yarn\bin\yarn.js start

PATH: 
  C:\Program Files (x86)\Common Files\Oracle\Java\javapath;C:\Program Files\Microsoft MPI\Bin\;C:\ProgramData\Oracle\Java\javapath;C:\WINDOWS\system32;C:\WINDOWS;C:\WINDOWS\System32\Wbem;C:\WINDOWS\System32\WindowsPowerShell\v1.0\;C:\Program Files\dotnet\;C:\Program Files\Microsoft SQL Server\130\Tools\Binn\;C:\Program Files (x86)\Yarn\bin\;C:\Program Files\Microsoft SQL Server\Client SDK\ODBC\130\Tools\Binn\;C:\Program Files (x86)\Microsoft SQL Server\140\Tools\Binn\;C:\Program Files\Microsoft SQL Server\140\Tools\Binn\;C:\Program Files\Microsoft SQL Server\140\DTS\Binn\;C:\Program Files (x86)\Microsoft SQL Server\Client SDK\ODBC\130\Tools\Binn\;C:\Program Files (x86)\Microsoft SQL Server\140\DTS\Binn\;C:\Program Files (x86)\Microsoft SQL Server\140\Tools\Binn\ManagementStudio\;C:\WINDOWS\System32\OpenSSH\;C:\Program Files\Microsoft VS Code\bin;C:\Program Files\Git\cmd;C:\Program Files\nodejs\;C:\Ruby24-x64\bin;C:\Users\busra\Appdata\Local\Android\sdk\platform-tools;C:\Users\busra\AppData\Local\Microsoft\WindowsApps;C:\Users\busra\AppData\Local\atom\bin;C:\Program Files\Microsoft VS Code\bin;C:\Users\busra\AppData\Local\GitHubDesktop\bin;C:\Users\busra\AppData\Local\Microsoft\WindowsApps;C:\Users\busra\AppData\Local\Yarn\bin;C:\Users\busra\AppData\Roaming\npm

Yarn version: 
  1.5.1

Node version: 
  11.1.0

Platform: 
  win32 x64

npm manifest: 
  {
    "name": "key-holder",
    "version": "1.0.0",
    "description": "Basic Key Holder with Pure Javascript",
    "main": "index.js",
    "scripts": {
      "sass": "node-sass -w scss/ -o public/css/ --recursive"
    },
    "repository": {
      "type": "git",
      "url": "git+https://gitlab.com/busrauz/key-holder.git"
    },
    "keywords": [],
    "author": "Büşra Uz",
    "license": "MIT",
    "bugs": {
      "url": "https://gitlab.com/busrauz/key-holder/issues"
    },
    "homepage": "https://gitlab.com/busrauz/key-holder#README",
    "dependencies": {
      "node-sass": "^4.9.3"
    }
  }

yarn manifest: 
  No manifest

Lockfile: 
  No lockfile

Trace: 
  Error: Command "start" not found.
      at new MessageError (C:\Program Files (x86)\Yarn\lib\cli.js:186:110)
      at C:\Program Files (x86)\Yarn\lib\cli.js:87307:17
      at Generator.next (<anonymous>)
      at step (C:\Program Files (x86)\Yarn\lib\cli.js:98:30)
      at C:\Program Files (x86)\Yarn\lib\cli.js:116:14
      at new Promise (<anonymous>)
      at new F (C:\Program Files (x86)\Yarn\lib\cli.js:23451:28)
      at C:\Program Files (x86)\Yarn\lib\cli.js:95:12
      at runCommand (C:\Program Files (x86)\Yarn\lib\cli.js:87312:22)
      at Object.<anonymous> (C:\Program Files (x86)\Yarn\lib\cli.js:87412:14)
